Source [urn:wisebed:ctitestbed:0x1cde], Text [*B*], Level [DEBUG], Time [2011-09-08T15:54:21.680+03:00]
Source [urn:wisebed:ctitestbed:0xcaa], Text [*B*], Level [DEBUG], Time [2011-09-08T15:54:26.827+03:00]
Source [urn:wisebed:ctitestbed:0x153d], Text [*B*], Level [DEBUG], Time [2011-09-08T15:54:26.958+03:00]
Source [urn:wisebed:ctitestbed:0x9979], Text [*B*], Level [DEBUG], Time [2011-09-08T15:54:27.488+03:00]
Source [urn:wisebed:ctitestbed:0x153d], Text [SS;4;1], Level [DEBUG], Time [2011-09-08T15:54:37.960+03:00]
Source [urn:wisebed:ctitestbed:0x9979], Text [SS;4;1], Level [DEBUG], Time [2011-09-08T15:54:38.489+03:00]
Source [urn:wisebed:ctitestbed:0x1cde], Text [SS;4;2], Level [DEBUG], Time [2011-09-08T15:54:38.681+03:00]
Source [urn:wisebed:ctitestbed:0xcaa], Text [SS;4;1], Level [DEBUG], Time [2011-09-08T15:54:38.828+03:00]
Source [urn:wisebed:ctitestbed:0x153d], Text [SS;210;120], Level [DEBUG], Time [2011-09-08T15:54:38.960+03:00]
Source [urn:wisebed:ctitestbed:0x9979], Text [SS;210;120], Level [DEBUG], Time [2011-09-08T15:54:39.490+03:00]
Source [urn:wisebed:ctitestbed:0x9979], Text [SS;211;30], Level [DEBUG], Time [2011-09-08T15:54:39.490+03:00]
Source [urn:wisebed:ctitestbed:0x1cde], Text [SS;210;120], Level [DEBUG], Time [2011-09-08T15:54:39.682+03:00]
Source [urn:wisebed:ctitestbed:0x1cde], Text [SS;211;30], Level [DEBUG], Time [2011-09-08T15:54:39.682+03:00]
Source [urn:wisebed:ctitestbed:0xcaa], Text [SS;210;120], Level [DEBUG], Time [2011-09-08T15:54:39.828+03:00]
Source [urn:wisebed:ctitestbed:0xcaa], Text [SS;211;30], Level [DEBUG], Time [2011-09-08T15:54:39.828+03:00]
Source [urn:wisebed:ctitestbed:0x153d], Text [SS;211;30], Level [DEBUG], Time [2011-09-08T15:54:39.960+03:00]
Source [urn:wisebed:ctitestbed:0x9979], Text [ON], Level [DEBUG], Time [2011-09-08T15:54:41.490+03:00]
Source [urn:wisebed:ctitestbed:0x1cde], Text [ON], Level [DEBUG], Time [2011-09-08T15:54:41.682+03:00]
Source [urn:wisebed:ctitestbed:0xcaa], Text [ON], Level [DEBUG], Time [2011-09-08T15:54:41.829+03:00]
Source [urn:wisebed:ctitestbed:0x153d], Text [ON], Level [DEBUG], Time [2011-09-08T15:54:41.961+03:00]
Source [urn:wisebed:ctitestbed:0xcaa], Text [CLS;0xcaa;45;0xffff], Level [DEBUG], Time [2011-09-08T15:54:46.829+03:00]
Source [urn:wisebed:ctitestbed:0x153d], Text [CLS;0x153d;45;0xffff], Level [DEBUG], Time [2011-09-08T15:54:46.962+03:00]
Source [urn:wisebed:ctitestbed:0x9979], Text [CLS;0x9979;45;0xffff], Level [DEBUG], Time [2011-09-08T15:54:47.491+03:00]
Source [urn:wisebed:ctitestbed:0x1cde], Text [CLS;0x1cde;45;0xffff], Level [DEBUG], Time [2011-09-08T15:54:47.682+03:00]
Source [urn:wisebed:ctitestbed:0xcaa], Text [CLP;0xcaa;2;0xcaa], Level [DEBUG], Time [2011-09-08T15:54:48.829+03:00]
Source [urn:wisebed:ctitestbed:0xcaa], Text [CLS;0xcaa;43;0xffff], Level [DEBUG], Time [2011-09-08T15:54:48.830+03:00]
Source [urn:wisebed:ctitestbed:0xcaa], Text [Received a resume with 210|120 statement from 0x153d], Level [DEBUG], Time [2011-09-08T15:54:48.830+03:00]
Source [urn:wisebed:ctitestbed:0xcaa], Text [Received a resume with 210|120 statement from 0x9979], Level [DEBUG], Time [2011-09-08T15:54:48.830+03:00]
Source [urn:wisebed:ctitestbed:0xcaa], Text [Received a resume with 211|30 statement from 0x9979], Level [DEBUG], Time [2011-09-08T15:54:48.830+03:00]
Source [urn:wisebed:ctitestbed:0xcaa], Text [Received a resume with 211|30 statement from 0x153d], Level [DEBUG], Time [2011-09-08T15:54:48.830+03:00]
Source [urn:wisebed:ctitestbed:0x153d], Text [CLS;0x153d;44;0xcaa], Level [DEBUG], Time [2011-09-08T15:54:48.962+03:00]
Source [urn:wisebed:ctitestbed:0x153d], Text [CLP;0x153d;1;0xcaa], Level [DEBUG], Time [2011-09-08T15:54:48.963+03:00]
Source [urn:wisebed:ctitestbed:0x153d], Text [CLS;0x153d;43;0xffff], Level [DEBUG], Time [2011-09-08T15:54:48.963+03:00]
Source [urn:wisebed:ctitestbed:0x9979], Text [CLS;0x9979;44;0xcaa], Level [DEBUG], Time [2011-09-08T15:54:49.492+03:00]
Source [urn:wisebed:ctitestbed:0x9979], Text [CLP;0x9979;1;0xcaa], Level [DEBUG], Time [2011-09-08T15:54:49.492+03:00]
Source [urn:wisebed:ctitestbed:0x9979], Text [CLS;0x9979;43;0xffff], Level [DEBUG], Time [2011-09-08T15:54:49.492+03:00]
Source [urn:wisebed:ctitestbed:0x9979], Text [CLS;0x9979;44;0xcaa], Level [DEBUG], Time [2011-09-08T15:54:49.492+03:00]
Source [urn:wisebed:ctitestbed:0x1cde], Text [CLP;0x1cde;2;0x1cde], Level [DEBUG], Time [2011-09-08T15:54:49.683+03:00]
Source [urn:wisebed:ctitestbed:0x1cde], Text [CLS;0x1cde;43;0xffff], Level [DEBUG], Time [2011-09-08T15:54:49.683+03:00]
Source [urn:wisebed:ctitestbed:0xcaa], Text [Received a resume with 210|120 statement from 0x9979], Level [DEBUG], Time [2011-09-08T15:54:49.830+03:00]
Source [urn:wisebed:ctitestbed:0xcaa], Text [Received a resume with 211|30 statement from 0x9979], Level [DEBUG], Time [2011-09-08T15:54:49.830+03:00]
Source [urn:wisebed:ctitestbed:0xcaa], Text [Received a resume with 210|120 statement from 0x153d], Level [DEBUG], Time [2011-09-08T15:54:49.830+03:00]
Source [urn:wisebed:ctitestbed:0xcaa], Text [Received a resume with 211|30 statement from 0x153d], Level [DEBUG], Time [2011-09-08T15:54:49.831+03:00]
Source [urn:wisebed:ctitestbed:0x153d], Text [CLS;0x153d;44;0xcaa], Level [DEBUG], Time [2011-09-08T15:54:49.963+03:00]
Source [urn:wisebed:ctitestbed:0xcaa], Text [SA;0xcaa;yes], Level [DEBUG], Time [2011-09-08T15:54:50.831+03:00]
Source [urn:wisebed:ctitestbed:0x1cde], Text [SA;0x1cde;yes], Level [DEBUG], Time [2011-09-08T15:54:51.683+03:00]
Source [urn:wisebed:ctitestbed:0x9979], Text [SD;210;120], Level [DEBUG], Time [2011-09-08T15:55:07.495+03:00]
Source [urn:wisebed:ctitestbed:0x1cde], Text [SD;210;120], Level [DEBUG], Time [2011-09-08T15:55:07.684+03:00]
Source [urn:wisebed:ctitestbed:0x1cde], Text [condition 210|120], Level [DEBUG], Time [2011-09-08T15:55:07.684+03:00]
Source [urn:wisebed:ctitestbed:0x1cde], Text [Value 210], Level [DEBUG], Time [2011-09-08T15:55:07.684+03:00]
Source [urn:wisebed:ctitestbed:0x1cde], Text [SA;0x1cde;no], Level [DEBUG], Time [2011-09-08T15:55:07.684+03:00]
Source [urn:wisebed:ctitestbed:0xcaa], Text [SD;210;120], Level [DEBUG], Time [2011-09-08T15:55:07.832+03:00]
Source [urn:wisebed:ctitestbed:0xcaa], Text [condition 210|120], Level [DEBUG], Time [2011-09-08T15:55:07.832+03:00]
Source [urn:wisebed:ctitestbed:0xcaa], Text [got a value 120], Level [DEBUG], Time [2011-09-08T15:55:07.832+03:00]
Source [urn:wisebed:ctitestbed:0xcaa], Text [SA;0xcaa;yes], Level [DEBUG], Time [2011-09-08T15:55:07.832+03:00]
Source [urn:wisebed:ctitestbed:0xcaa], Text [Value 120], Level [DEBUG], Time [2011-09-08T15:55:07.832+03:00]
Source [urn:wisebed:ctitestbed:0x153d], Text [SD;210;120], Level [DEBUG], Time [2011-09-08T15:55:07.965+03:00]
Source [urn:wisebed:ctitestbed:0x1cde], Text [*B*], Level [DEBUG], Time [2011-09-08T15:56:31.690+03:00]
Source [urn:wisebed:ctitestbed:0xcaa], Text [*B*], Level [DEBUG], Time [2011-09-08T15:56:31.838+03:00]
Source [urn:wisebed:ctitestbed:0x153d], Text [*B*], Level [DEBUG], Time [2011-09-08T15:56:31.975+03:00]
Source [urn:wisebed:ctitestbed:0x9979], Text [*B*], Level [DEBUG], Time [2011-09-08T15:56:32.505+03:00]
Source [urn:wisebed:ctitestbed:0x9979], Text [SS;4;1], Level [DEBUG], Time [2011-09-08T15:56:37.506+03:00]
Source [urn:wisebed:ctitestbed:0x1cde], Text [SS;4;2], Level [DEBUG], Time [2011-09-08T15:56:37.690+03:00]
Source [urn:wisebed:ctitestbed:0xcaa], Text [SS;4;1], Level [DEBUG], Time [2011-09-08T15:56:37.838+03:00]
Source [urn:wisebed:ctitestbed:0x153d], Text [SS;4;1], Level [DEBUG], Time [2011-09-08T15:56:37.976+03:00]
Source [urn:wisebed:ctitestbed:0x9979], Text [SS;210;120], Level [DEBUG], Time [2011-09-08T15:56:38.507+03:00]
Source [urn:wisebed:ctitestbed:0x1cde], Text [SS;210;110], Level [DEBUG], Time [2011-09-08T15:56:38.690+03:00]
Source [urn:wisebed:ctitestbed:0xcaa], Text [SS;210;120], Level [DEBUG], Time [2011-09-08T15:56:38.838+03:00]
Source [urn:wisebed:ctitestbed:0xcaa], Text [SS;211;34], Level [DEBUG], Time [2011-09-08T15:56:38.838+03:00]
Source [urn:wisebed:ctitestbed:0x153d], Text [SS;210;110], Level [DEBUG], Time [2011-09-08T15:56:38.977+03:00]
Source [urn:wisebed:ctitestbed:0x9979], Text [SS;211;34], Level [DEBUG], Time [2011-09-08T15:56:39.507+03:00]
Source [urn:wisebed:ctitestbed:0x1cde], Text [SS;211;30], Level [DEBUG], Time [2011-09-08T15:56:39.691+03:00]
Source [urn:wisebed:ctitestbed:0x153d], Text [SS;211;30], Level [DEBUG], Time [2011-09-08T15:56:39.977+03:00]
Source [urn:wisebed:ctitestbed:0x153d], Text [ON], Level [DEBUG], Time [2011-09-08T15:56:40.978+03:00]
Source [urn:wisebed:ctitestbed:0x9979], Text [ON], Level [DEBUG], Time [2011-09-08T15:56:41.508+03:00]
Source [urn:wisebed:ctitestbed:0x1cde], Text [ON], Level [DEBUG], Time [2011-09-08T15:56:41.691+03:00]
Source [urn:wisebed:ctitestbed:0xcaa], Text [ON], Level [DEBUG], Time [2011-09-08T15:56:41.839+03:00]
Source [urn:wisebed:ctitestbed:0x9979], Text [CLS;0x9979;45;0xffff], Level [DEBUG], Time [2011-09-08T15:56:46.509+03:00]
Source [urn:wisebed:ctitestbed:0x1cde], Text [CLS;0x1cde;45;0xffff], Level [DEBUG], Time [2011-09-08T15:56:46.691+03:00]
Source [urn:wisebed:ctitestbed:0xcaa], Text [CLS;0xcaa;45;0xffff], Level [DEBUG], Time [2011-09-08T15:56:46.839+03:00]
Source [urn:wisebed:ctitestbed:0x153d], Text [CLS;0x153d;45;0xffff], Level [DEBUG], Time [2011-09-08T15:56:46.979+03:00]
Source [urn:wisebed:ctitestbed:0x1cde], Text [CLP;0x1cde;2;0x1cde], Level [DEBUG], Time [2011-09-08T15:56:48.692+03:00]
Source [urn:wisebed:ctitestbed:0x1cde], Text [CLS;0x1cde;43;0xffff], Level [DEBUG], Time [2011-09-08T15:56:48.692+03:00]
Source [urn:wisebed:ctitestbed:0xcaa], Text [CLP;0xcaa;2;0xcaa], Level [DEBUG], Time [2011-09-08T15:56:48.840+03:00]
Source [urn:wisebed:ctitestbed:0xcaa], Text [CLS;0xcaa;43;0xffff], Level [DEBUG], Time [2011-09-08T15:56:48.840+03:00]
Source [urn:wisebed:ctitestbed:0xcaa], Text [Received a resume with 210|110 statement from 0x153d], Level [DEBUG], Time [2011-09-08T15:56:48.840+03:00]
Source [urn:wisebed:ctitestbed:0xcaa], Text [Received a resume with 210|120 statement from 0x9979], Level [DEBUG], Time [2011-09-08T15:56:48.840+03:00]
Source [urn:wisebed:ctitestbed:0xcaa], Text [Received a resume with 211|34 statement from 0x9979], Level [DEBUG], Time [2011-09-08T15:56:48.840+03:00]
Source [urn:wisebed:ctitestbed:0xcaa], Text [Received a resume with 211|30 statement from 0x153d], Level [DEBUG], Time [2011-09-08T15:56:48.840+03:00]
Source [urn:wisebed:ctitestbed:0x153d], Text [CLS;0x153d;44;0xcaa], Level [DEBUG], Time [2011-09-08T15:56:48.979+03:00]
Source [urn:wisebed:ctitestbed:0x153d], Text [CLP;0x153d;1;0xcaa], Level [DEBUG], Time [2011-09-08T15:56:48.979+03:00]
Source [urn:wisebed:ctitestbed:0x153d], Text [CLS;0x153d;43;0xffff], Level [DEBUG], Time [2011-09-08T15:56:48.980+03:00]
Source [urn:wisebed:ctitestbed:0x9979], Text [CLS;0x9979;44;0xcaa], Level [DEBUG], Time [2011-09-08T15:56:49.509+03:00]
Source [urn:wisebed:ctitestbed:0x9979], Text [CLP;0x9979;1;0xcaa], Level [DEBUG], Time [2011-09-08T15:56:49.509+03:00]
Source [urn:wisebed:ctitestbed:0x9979], Text [CLS;0x9979;43;0xffff], Level [DEBUG], Time [2011-09-08T15:56:49.510+03:00]
Source [urn:wisebed:ctitestbed:0x9979], Text [CLS;0x9979;44;0xcaa], Level [DEBUG], Time [2011-09-08T15:56:49.510+03:00]
Source [urn:wisebed:ctitestbed:0xcaa], Text [Received a resume with 210|120 statement from 0x9979], Level [DEBUG], Time [2011-09-08T15:56:49.840+03:00]
Source [urn:wisebed:ctitestbed:0xcaa], Text [Received a resume with 211|34 statement from 0x9979], Level [DEBUG], Time [2011-09-08T15:56:49.840+03:00]
Source [urn:wisebed:ctitestbed:0xcaa], Text [Received a resume with 210|110 statement from 0x153d], Level [DEBUG], Time [2011-09-08T15:56:49.841+03:00]
Source [urn:wisebed:ctitestbed:0xcaa], Text [Received a resume with 211|30 statement from 0x153d], Level [DEBUG], Time [2011-09-08T15:56:49.841+03:00]
Source [urn:wisebed:ctitestbed:0x153d], Text [CLS;0x153d;44;0xcaa], Level [DEBUG], Time [2011-09-08T15:56:49.980+03:00]
Source [urn:wisebed:ctitestbed:0x1cde], Text [SA;0x1cde;yes], Level [DEBUG], Time [2011-09-08T15:56:50.692+03:00]
Source [urn:wisebed:ctitestbed:0xcaa], Text [SA;0xcaa;yes], Level [DEBUG], Time [2011-09-08T15:56:50.841+03:00]
Source [urn:wisebed:ctitestbed:0x9979], Text [SD;210;120], Level [DEBUG], Time [2011-09-08T15:56:57.511+03:00]
Source [urn:wisebed:ctitestbed:0x1cde], Text [SD;210;120], Level [DEBUG], Time [2011-09-08T15:56:57.693+03:00]
Source [urn:wisebed:ctitestbed:0x1cde], Text [condition 210|120], Level [DEBUG], Time [2011-09-08T15:56:57.693+03:00]
Source [urn:wisebed:ctitestbed:0x1cde], Text [Value 210], Level [DEBUG], Time [2011-09-08T15:56:57.693+03:00]
Source [urn:wisebed:ctitestbed:0x1cde], Text [SA;0x1cde;no], Level [DEBUG], Time [2011-09-08T15:56:57.693+03:00]
Source [urn:wisebed:ctitestbed:0xcaa], Text [SD;210;120], Level [DEBUG], Time [2011-09-08T15:56:57.842+03:00]
Source [urn:wisebed:ctitestbed:0xcaa], Text [condition 210|120], Level [DEBUG], Time [2011-09-08T15:56:57.842+03:00]
Source [urn:wisebed:ctitestbed:0xcaa], Text [got a value 110], Level [DEBUG], Time [2011-09-08T15:56:57.842+03:00]
Source [urn:wisebed:ctitestbed:0xcaa], Text [SA;0xcaa;no], Level [DEBUG], Time [2011-09-08T15:56:57.842+03:00]
Source [urn:wisebed:ctitestbed:0xcaa], Text [Value 110], Level [DEBUG], Time [2011-09-08T15:56:57.842+03:00]
Source [urn:wisebed:ctitestbed:0x153d], Text [SD;210;120], Level [DEBUG], Time [2011-09-08T15:56:57.981+03:00]
Source [urn:wisebed:ctitestbed:0x9979], Text [SD;210;110], Level [DEBUG], Time [2011-09-08T15:57:32.515+03:00]
Source [urn:wisebed:ctitestbed:0x1cde], Text [SD;210;110], Level [DEBUG], Time [2011-09-08T15:57:32.696+03:00]
Source [urn:wisebed:ctitestbed:0x1cde], Text [condition 210|110], Level [DEBUG], Time [2011-09-08T15:57:32.696+03:00]
Source [urn:wisebed:ctitestbed:0x1cde], Text [Value 210], Level [DEBUG], Time [2011-09-08T15:57:32.696+03:00]
Source [urn:wisebed:ctitestbed:0x1cde], Text [SA;0x1cde;no], Level [DEBUG], Time [2011-09-08T15:57:32.696+03:00]
Source [urn:wisebed:ctitestbed:0xcaa], Text [SD;210;110], Level [DEBUG], Time [2011-09-08T15:57:32.844+03:00]
Source [urn:wisebed:ctitestbed:0xcaa], Text [condition 210|110], Level [DEBUG], Time [2011-09-08T15:57:32.844+03:00]
Source [urn:wisebed:ctitestbed:0xcaa], Text [got a value 110], Level [DEBUG], Time [2011-09-08T15:57:32.844+03:00]
Source [urn:wisebed:ctitestbed:0xcaa], Text [SA;0xcaa;yes], Level [DEBUG], Time [2011-09-08T15:57:32.845+03:00]
Source [urn:wisebed:ctitestbed:0xcaa], Text [Value 110], Level [DEBUG], Time [2011-09-08T15:57:32.845+03:00]
Source [urn:wisebed:ctitestbed:0x153d], Text [SD;210;110], Level [DEBUG], Time [2011-09-08T15:57:32.986+03:00]
